{"uuid":"1a105204-0284-42be-8e44-fa53ff2f80d0","historyId":"2bc7998d3dc4f6662ebc9f4ee5206651","fullName":"MainTest.restInRange","labels":[{"name":"package","value":"MainTest"},{"name":"testClass","value":"MainTest"},{"name":"testMethod","value":"restInRange"},{"name":"parentSuite","value":"Default Suite"},{"name":"suite","value":"Swoop4"},{"name":"subSuite","value":"MainTest"},{"name":"host","value":"Irakli"},{"name":"thread","value":"45996@Irakli.main(1)"},{"name":"framework","value":"testng"},{"name":"language","value":"java"}],"links":[],"name":"restInRange","status":"failed","statusDetails":{"known":false,"muted":false,"flaky":false,"message":"Element should exist {.discounted-prices.snapshot(24 elements)[0]}\r\nElement: 'Ups, failed to described the element [caused by: StaleElementReferenceException: stale element reference: stale element not found]'\r\nActual value: does not exist\r\nScreenshot: file:/C:/Users/dolbi/IdeaProjects/Swoop4/build/reports/tests/1704643432424.0.png\r\nPage source: file:/C:/Users/dolbi/IdeaProjects/Swoop4/build/reports/tests/1704643432424.0.html\r\nTimeout: 8 s.","trace":"Element should exist {.discounted-prices.snapshot(24 elements)[0]}\r\nElement: 'Ups, failed to described the element [caused by: StaleElementReferenceException: stale element reference: stale element not found]'\r\nActual value: does not exist\r\nScreenshot: file:/C:/Users/dolbi/IdeaProjects/Swoop4/build/reports/tests/1704643432424.0.png\r\nPage source: file:/C:/Users/dolbi/IdeaProjects/Swoop4/build/reports/tests/1704643432424.0.html\r\nTimeout: 8 s.\r\n\tat com.codeborne.selenide.impl.WebElementSource.handleError(WebElementSource.java:149)\r\n\tat com.codeborne.selenide.impl.WebElementSource.checkConditionAndReturnElement(WebElementSource.java:127)\r\n\tat com.codeborne.selenide.impl.WebElementSource.checkCondition(WebElementSource.java:104)\r\n\tat com.codeborne.selenide.impl.ElementFinder.createElementNotFoundError(ElementFinder.java:139)\r\n\tat com.codeborne.selenide.impl.ExceptionWrapper.wrap(ExceptionWrapper.java:32)\r\n\tat com.codeborne.selenide.impl.SelenideElementProxy.dispatchAndRetry(SelenideElementProxy.java:154)\r\n\tat com.codeborne.selenide.impl.SelenideElementProxy.invoke(SelenideElementProxy.java:84)\r\n\tat jdk.proxy2/jdk.proxy2.$Proxy14.getText(Unknown Source)\r\n\tat MainTest.lambda$restInRange$0(MainTest.java:79)\r\n\tat java.base/java.lang.Iterable.forEach(Iterable.java:75)\r\n\tat com.codeborne.selenide.ElementsCollection.forEach(ElementsCollection.java:498)\r\n\tat MainTest.restInRange(MainTest.java:78)\r\n\tat java.base/jdk.internal.reflect.DirectMethodHandleAccessor.invoke(DirectMethodHandleAccessor.java:103)\r\n\tat java.base/java.lang.reflect.Method.invoke(Method.java:580)\r\n\tat org.testng.internal.invokers.MethodInvocationHelper.invokeMethod(MethodInvocationHelper.java:139)\r\n\tat org.testng.internal.invokers.TestInvoker.invokeMethod(TestInvoker.java:664)\r\n\tat org.testng.internal.invokers.TestInvoker.invokeTestMethod(TestInvoker.java:228)\r\n\tat org.testng.internal.invokers.MethodRunner.runInSequence(MethodRunner.java:63)\r\n\tat org.testng.internal.invokers.TestInvoker$MethodInvocationAgent.invoke(TestInvoker.java:961)\r\n\tat org.testng.internal.invokers.TestInvoker.invokeTestMethods(TestInvoker.java:201)\r\n\tat org.testng.internal.invokers.TestMethodWorker.invokeTestMethods(TestMethodWorker.java:148)\r\n\tat org.testng.internal.invokers.TestMethodWorker.run(TestMethodWorker.java:128)\r\n\tat java.base/java.util.ArrayList.forEach(ArrayList.java:1596)\r\n\tat org.testng.TestRunner.privateRun(TestRunner.java:819)\r\n\tat org.testng.TestRunner.run(TestRunner.java:619)\r\n\tat org.testng.SuiteRunner.runTest(SuiteRunner.java:443)\r\n\tat org.testng.SuiteRunner.runSequentially(SuiteRunner.java:437)\r\n\tat org.testng.SuiteRunner.privateRun(SuiteRunner.java:397)\r\n\tat org.testng.SuiteRunner.run(SuiteRunner.java:336)\r\n\tat org.testng.SuiteRunnerWorker.runSuite(SuiteRunnerWorker.java:52)\r\n\tat org.testng.SuiteRunnerWorker.run(SuiteRunnerWorker.java:95)\r\n\tat org.testng.TestNG.runSuitesSequentially(TestNG.java:1301)\r\n\tat org.testng.TestNG.runSuitesLocally(TestNG.java:1228)\r\n\tat org.testng.TestNG.runSuites(TestNG.java:1134)\r\n\tat org.testng.TestNG.run(TestNG.java:1101)\r\n\tat com.intellij.rt.testng.IDEARemoteTestNG.run(IDEARemoteTestNG.java:66)\r\n\tat com.intellij.rt.testng.RemoteTestNGStarter.main(RemoteTestNGStarter.java:105)\r\n"},"stage":"finished","steps":[],"attachments":[],"parameters":[],"start":1704643411575,"stop":1704643433229}